<?xml version="1.0" encoding="UTF-8"?>
<testng-results ignored="0" total="1" passed="1" failed="0" skipped="0">
  <reporter-output>
    <line>
      <![CDATA[<div class="test-message">&emsp;D:\KnilaTest\sampleTestAutomation</div>]]>
    </line>
    <line>
      <![CDATA[&emsp;<div class="test-title"> <strong><font size = "3" color = "#000080">Verify user able to login successfully with valid credential</font> </strong> </div>&emsp;<div><strong>Steps:</strong></div><!-- Report -->&emsp;]]>
    </line>
    <line>
      <![CDATA[<div class="test-message">&emsp;Admin entered in UserName textbox successfully</div>]]>
    </line>
    <line>
      <![CDATA[<div class="test-message">&emsp;Admin123 entered in Password textbox successfully</div>]]>
    </line>
    <line>
      <![CDATA[<div class="test-message">&emsp;Laboratory is clicked successfully</div>]]>
    </line>
    <line>
      <![CDATA[<div class="test-message">&emsp;Login button is clicked successfully</div>]]>
    </line>
    <line>
      <![CDATA[<div class="test-message">&emsp;Logged in user information retrieved successfully from element</div>]]>
    </line>
    <line>
      <![CDATA[<div class="test-message">&emsp;User Info : Logged in as Super User (admin) at Laboratory.</div>]]>
    </line>
    <line>
      <![CDATA[<div class="test-message">&emsp;User logged in successfully&emsp;<a href=".\ScreenShot\TC001_1.png" target="_blank" >[ScreenShot]</a></div>]]>
    </line>
    <line>
      <![CDATA[<div class="test-event"> <font color="maroon"> <small> &emsp; &emsp;--- 07 Nov 14:21:17 978 - Find Patient Record</small> </font> </div>]]>
    </line>
    <line>
      <![CDATA[<div class="test-event"> <font color="maroon"> <small> &emsp; &emsp;--- 07 Nov 14:21:18 041 - Active Visits</small> </font> </div>]]>
    </line>
    <line>
      <![CDATA[<div class="test-event"> <font color="maroon"> <small> &emsp; &emsp;--- 07 Nov 14:21:18 104 - Capture Vitals</small> </font> </div>]]>
    </line>
    <line>
      <![CDATA[<div class="test-event"> <font color="maroon"> <small> &emsp; &emsp;--- 07 Nov 14:21:18 182 - Register a patient</small> </font> </div>]]>
    </line>
    <line>
      <![CDATA[<div class="test-message">&emsp;content type : Register a patient is displayed in Laboratory home page</div>]]>
    </line>
    <line>
      <![CDATA[<div class="test-message">&emsp;Register a patient is clicked successfully</div>]]>
    </line>
    <line>
      <![CDATA[<div class="test-message">&emsp;Successfully clicked on content type : Register a patient&emsp;<a href=".\ScreenShot\TC001_2.png" target="_blank" >[ScreenShot]</a></div>]]>
    </line>
    <line>
      <![CDATA[<div class="test-message">&emsp;Content information retrieved successfully from element</div>]]>
    </line>
    <line>
      <![CDATA[<div class="test-message">&emsp;Content Info : Register a patient</div>]]>
    </line>
    <line>
      <![CDATA[<div class="test-message">&emsp;User successfully navigated to Register Patient Page&emsp;<a href=".\ScreenShot\TC001_3.png" target="_blank" >[ScreenShot]</a></div>]]>
    </line>
    <line>
      <![CDATA[<div class="test-message">&emsp;Successfully selected demographic type : Name&emsp;<a href=".\ScreenShot\TC001_4.png" target="_blank" >[ScreenShot]</a></div>]]>
    </line>
    <line>
      <![CDATA[<div class="test-message">&emsp;Test entered in Given (required) textbox successfully</div>]]>
    </line>
    <line>
      <![CDATA[<div class="test-message">&emsp;Patient1 entered in Middle textbox successfully</div>]]>
    </line>
    <line>
      <![CDATA[<div class="test-message">&emsp;Calab entered in Family Name (required) textbox successfully</div>]]>
    </line>
    <line>
      <![CDATA[<div class="test-message">&emsp;Gender is clicked successfully</div>]]>
    </line>
    <line>
      <![CDATA[<div class="test-message">&emsp;Successfully selected demographic type : Gender&emsp;<a href=".\ScreenShot\TC001_5.png" target="_blank" >[ScreenShot]</a></div>]]>
    </line>
    <line>
      <![CDATA[<div class="test-message">&emsp;Text to select:Male</div>]]>
    </line>
    <line>
      <![CDATA[<div class="test-message">&emsp;get available options from dropdown is success[[ChromeDriver: chrome on WINDOWS (0d99aa1e871ddfe84060dda89373bd43)] -> id: gender-field]</div>]]>
    </line>
    <line>
      <![CDATA[<div class="test-message">&emsp;text is:Male</div>]]>
    </line>
    <line>
      <![CDATA[<div class="test-message">&emsp;in if</div>]]>
    </line>
    <line>
      <![CDATA[<div class="test-message">&emsp;Maleselected from dropdown [[ChromeDriver: chrome on WINDOWS (0d99aa1e871ddfe84060dda89373bd43)] -> id: gender-field]</div>]]>
    </line>
    <line>
      <![CDATA[<div class="test-message">&emsp;Birthdate is clicked successfully</div>]]>
    </line>
    <line>
      <![CDATA[<div class="test-message">&emsp;Successfully selected demographic type : Birthdate&emsp;<a href=".\ScreenShot\TC001_6.png" target="_blank" >[ScreenShot]</a></div>]]>
    </line>
    <line>
      <![CDATA[<div class="test-message">&emsp;10 entered in Day (required) textbox successfully</div>]]>
    </line>
    <line>
      <![CDATA[<div class="test-message">&emsp;Text to select:February</div>]]>
    </line>
    <line>
      <![CDATA[<div class="test-message">&emsp;get available options from dropdown is success[[ChromeDriver: chrome on WINDOWS (0d99aa1e871ddfe84060dda89373bd43)] -> id: birthdateMonth-field]</div>]]>
    </line>
    <line>
      <![CDATA[<div class="test-message">&emsp;text is:Select</div>]]>
    </line>
    <line>
      <![CDATA[<div class="test-message">&emsp;in else</div>]]>
    </line>
    <line>
      <![CDATA[<div class="test-message">&emsp;text is:January</div>]]>
    </line>
    <line>
      <![CDATA[<div class="test-message">&emsp;in else</div>]]>
    </line>
    <line>
      <![CDATA[<div class="test-message">&emsp;text is:February</div>]]>
    </line>
    <line>
      <![CDATA[<div class="test-message">&emsp;in if</div>]]>
    </line>
    <line>
      <![CDATA[<div class="test-message">&emsp;Februaryselected from dropdown [[ChromeDriver: chrome on WINDOWS (0d99aa1e871ddfe84060dda89373bd43)] -> id: birthdateMonth-field]</div>]]>
    </line>
    <line>
      <![CDATA[<div class="test-message">&emsp;2000 entered in Year (required) textbox successfully</div>]]>
    </line>
    <line>
      <![CDATA[<div class="test-message">&emsp;Address is clicked successfully</div>]]>
    </line>
    <line>
      <![CDATA[<div class="test-message">&emsp;Successfully selected demographic type : Address&emsp;<a href=".\ScreenShot\TC001_7.png" target="_blank" >[ScreenShot]</a></div>]]>
    </line>
    <line>
      <![CDATA[<div class="test-message">&emsp;Test entered in Address 1 textbox successfully</div>]]>
    </line>
    <line>
      <![CDATA[<div class="test-message">&emsp;Main Street entered in Address 2 textbox successfully</div>]]>
    </line>
    <line>
      <![CDATA[<div class="test-message">&emsp;Newyork entered in City/Village textbox successfully</div>]]>
    </line>
    <line>
      <![CDATA[<div class="test-message">&emsp;NY entered in State/Province textbox successfully</div>]]>
    </line>
    <line>
      <![CDATA[<div class="test-message">&emsp;USA entered in Country textbox successfully</div>]]>
    </line>
    <line>
      <![CDATA[<div class="test-message">&emsp;10022 entered in Postal Code textbox successfully</div>]]>
    </line>
    <line>
      <![CDATA[<div class="test-message">&emsp;Phone Number is clicked successfully</div>]]>
    </line>
    <line>
      <![CDATA[<div class="test-message">&emsp;Successfully selected demographic type : Phone Number&emsp;<a href=".\ScreenShot\TC001_8.png" target="_blank" >[ScreenShot]</a></div>]]>
    </line>
    <line>
      <![CDATA[<div class="test-message">&emsp;8877665544 entered in Phone Number textbox successfully</div>]]>
    </line>
    <line>
      <![CDATA[<div class="test-message">&emsp;Relatives is clicked successfully</div>]]>
    </line>
    <line>
      <![CDATA[<div class="test-message">&emsp;Successfully selected demographic type : Relatives&emsp;<a href=".\ScreenShot\TC001_9.png" target="_blank" >[ScreenShot]</a></div>]]>
    </line>
    <line>
      <![CDATA[<div class="test-message">&emsp;Text to select:Doctor</div>]]>
    </line>
    <line>
      <![CDATA[<div class="test-message">&emsp;get available options from dropdown is success[[ChromeDriver: chrome on WINDOWS (0d99aa1e871ddfe84060dda89373bd43)] -> id: relationship_type]</div>]]>
    </line>
    <line>
      <![CDATA[<div class="test-message">&emsp;text is:Select Relationship Type</div>]]>
    </line>
    <line>
      <![CDATA[<div class="test-message">&emsp;in else</div>]]>
    </line>
    <line>
      <![CDATA[<div class="test-message">&emsp;text is:Doctor</div>]]>
    </line>
    <line>
      <![CDATA[<div class="test-message">&emsp;in if</div>]]>
    </line>
    <line>
      <![CDATA[<div class="test-message">&emsp;Doctorselected from dropdown [[ChromeDriver: chrome on WINDOWS (0d99aa1e871ddfe84060dda89373bd43)] -> id: relationship_type]</div>]]>
    </line>
    <line>
      <![CDATA[<div class="test-message">&emsp;Cooper entered in Relation Name textbox successfully</div>]]>
    </line>
    <line>
      <![CDATA[<div class="test-message">&emsp;Confirm Label is clicked successfully</div>]]>
    </line>
    <line>
      <![CDATA[<div class="test-message">&emsp;Patients Demogarphics Name: values are displayed as expected</div>]]>
    </line>
    <line>
      <![CDATA[<div class="test-message">&emsp;Patients Demogarphics Gender: values are displayed as expected</div>]]>
    </line>
    <line>
      <![CDATA[<div class="test-message">&emsp;Patients Demogarphics Birthdate: values are displayed as expected</div>]]>
    </line>
    <line>
      <![CDATA[<div class="test-message">&emsp;Patients Demogarphics Address: values are displayed as expected</div>]]>
    </line>
    <line>
      <![CDATA[<div class="test-message">&emsp;Patients Demogarphics Phone Number: values are displayed as expected</div>]]>
    </line>
    <line>
      <![CDATA[<div class="test-message">&emsp;Patients Demogarphics Relatives: values are displayed as expected</div>]]>
    </line>
    <line>
      <![CDATA[<div class="test-message">&emsp;Confirm Button is clicked successfully</div>]]>
    </line>
    <line>
      <![CDATA[<div class="test-message">&emsp;toasterMsgDisplayedAs : Created Patient Record: Test Patient1 Calab</div>]]>
    </line>
    <line>
      <![CDATA[<div class="test-message">&emsp;User successfully added Patient Details&emsp;<a href=".\ScreenShot\TC001_10.png" target="_blank" >[ScreenShot]</a></div>]]>
    </line>
    <line>
      <![CDATA[<div class="test-message">&emsp;Title In BreadCrumbs retrieved successfully from element</div>]]>
    </line>
    <line>
      <![CDATA[<div class="test-message">&emsp;title in breadcrumbs : Test Patient1 Calab</div>]]>
    </line>
    <line>
      <![CDATA[<div class="test-message">&emsp;User successfully navigated to Patient Details Page&emsp;<a href=".\ScreenShot\TC001_11.png" target="_blank" >[ScreenShot]</a></div>]]>
    </line>
    <line>
      <![CDATA[<div class="test-message">&emsp;Start Visit is clicked successfully</div>]]>
    </line>
    <line>
      <![CDATA[<div class="test-message">&emsp;Confirm Visit is clicked successfully</div>]]>
    </line>
    <line>
      <![CDATA[<div class="test-message">&emsp;Title In BreadCrumbs retrieved successfully from element</div>]]>
    </line>
    <line>
      <![CDATA[<div class="test-message">&emsp;title in breadcrumbs : Visits</div>]]>
    </line>
    <line>
      <![CDATA[<div class="test-message">&emsp;User successfully navigated to Patient Details visit Page&emsp;<a href=".\ScreenShot\TC001_12.png" target="_blank" >[ScreenShot]</a></div>]]>
    </line>
    <line>
      <![CDATA[<div class="test-message">&emsp;Start Visit is clicked successfully</div>]]>
    </line>
    <line>
      <![CDATA[<div class="test-message">&emsp;Title In BreadCrumbs retrieved successfully from element</div>]]>
    </line>
    <line>
      <![CDATA[<div class="test-message">&emsp;title in breadcrumbs : Attachments</div>]]>
    </line>
    <line>
      <![CDATA[<div class="test-message">&emsp;User successfully navigated to Attachments Page&emsp;<a href=".\ScreenShot\TC001_13.png" target="_blank" >[ScreenShot]</a></div>]]>
    </line>
    <line>
      <![CDATA[<div class="test-message">&emsp;Drag & Drop attachment file is clicked successfully</div>]]>
    </line>
    <line>
      <![CDATA[<div class="test-message">&emsp;Patient1 Test Attachments entered in Attachment Caption textbox successfully</div>]]>
    </line>
    <line>
      <![CDATA[<div class="test-message">&emsp;Drag & Drop attachment file is clicked successfully</div>]]>
    </line>
    <line>
      <![CDATA[<div class="test-message">&emsp;Patient details link in breadcrumbs is clicked successfully</div>]]>
    </line>
    <line>
      <![CDATA[<div class="test-message">&emsp;Title In BreadCrumbs retrieved successfully from element</div>]]>
    </line>
    <line>
      <![CDATA[<div class="test-message">&emsp;title in breadcrumbs : Test Patient1 Calab</div>]]>
    </line>
    <line>
      <![CDATA[<div class="test-message">&emsp;User successfully redirected to Patient Details Page&emsp;<a href=".\ScreenShot\TC001_14.png" target="_blank" >[ScreenShot]</a></div>]]>
    </line>
    <line>
      <![CDATA[<div class="test-message">&emsp;caption of attachment retrieved successfully from element</div>]]>
    </line>
    <line>
      <![CDATA[<div class="test-message">&emsp;attachment title text : Patient1 Test Attachments</div>]]>
    </line>
    <line>
      <![CDATA[<div class="test-message">&emsp;Attachment successfully added in Patient Details Page&emsp;<a href=".\ScreenShot\TC001_15.png" target="_blank" >[ScreenShot]</a></div>]]>
    </line>
    <line>
      <![CDATA[<div class="test-event"> <font color="maroon"> <small> &emsp; &emsp;--- 07 Nov 14:22:34 259 - 07.Nov.2022</small> </font> </div>]]>
    </line>
    <line>
      <![CDATA[<div class="test-message">&emsp;Recent Visits details successfully verified in Patient Details Page&emsp;<a href=".\ScreenShot\TC001_16.png" target="_blank" >[ScreenShot]</a></div>]]>
    </line>
    <line>
      <![CDATA[<div class="test-message">&emsp;End Visit is clicked successfully</div>]]>
    </line>
    <line>
      <![CDATA[<div class="test-message">&emsp;Yes End Visit is clicked successfully</div>]]>
    </line>
    <line>
      <![CDATA[<div class="test-message">&emsp;Delete Patient is clicked successfully</div>]]>
    </line>
    <line>
      <![CDATA[<div class="test-message">&emsp;TestCompleted entered in Reason Delete textbox successfully</div>]]>
    </line>
    <line>
      <![CDATA[<div class="test-message">&emsp;Added reason for delete Patient Record&emsp;<a href=".\ScreenShot\TC001_17.png" target="_blank" >[ScreenShot]</a></div>]]>
    </line>
    <line>
      <![CDATA[<div class="test-message">&emsp;Confirm Delete Patient is clicked successfully</div>]]>
    </line>
    <line>
      <![CDATA[<div class="test-message">&emsp;toasterMsgDisplayedAs : Patient has been deleted successfully</div>]]>
    </line>
    <line>
      <![CDATA[<div class="test-message">&emsp;User successfully deleted the Patient Details&emsp;<a href=".\ScreenShot\TC001_18.png" target="_blank" >[ScreenShot]</a></div>]]>
    </line>
    <line>
      <![CDATA[<div class="test-message">&emsp;Title In BreadCrumbs retrieved successfully from element</div>]]>
    </line>
    <line>
      <![CDATA[<div class="test-message">&emsp;title in breadcrumbs : Find Patient Record</div>]]>
    </line>
    <line>
      <![CDATA[<div class="test-message">&emsp;User successfully redirected to Find Patient Record Page&emsp;<a href=".\ScreenShot\TC001_19.png" target="_blank" >[ScreenShot]</a></div>]]>
    </line>
    <line>
      <![CDATA[<div class="test-message">&emsp;Test Patient1 Calab entered in Patient Search Box textbox successfully</div>]]>
    </line>
    <line>
      <![CDATA[<div class="test-event"> <font color="maroon"> <small> &emsp; &emsp;--- 07 Nov 14:22:52 949 - No matching records found</small> </font> </div>]]>
    </line>
    <line>
      <![CDATA[<div class="test-message">&emsp;Successfully verified that deleted patient record Not listed&emsp;<a href=".\ScreenShot\TC001_20.png" target="_blank" >[ScreenShot]</a></div>]]>
    </line>
    <line>
      <![CDATA[<div class="test-result"><br><font color="green"><strong> Test Passed. </strong></font> </div>&emsp;]]>
    </line>
  </reporter-output>
  <suite started-at="2022-11-07T14:20:49 IST" name="Default suite" finished-at="2022-11-07T14:22:54 IST" duration-ms="124972">
    <groups>
    </groups>
    <test started-at="2022-11-07T14:20:49 IST" name="Default test" finished-at="2022-11-07T14:22:54 IST" duration-ms="124972">
      <class name="com.knila.uitest.Knila_AddPatientDetailsTest">
        <test-method is-config="true" signature="init(org.testng.ITestContext)[pri:0, instance:com.knila.uitest.Knila_AddPatientDetailsTest@2796aeae]" started-at="2022-11-07T14:20:49 IST" name="init" finished-at="2022-11-07T14:20:49 IST" duration-ms="41" status="PASS">
          <params>
            <param index="0">
              <value>
                <![CDATA[org.testng.TestRunner@1846ad0f]]>
              </value>
            </param>
          </params>
          <reporter-output>
          </reporter-output>
        </test-method> <!-- init -->
        <test-method signature="TC001()[pri:0, instance:com.knila.uitest.Knila_AddPatientDetailsTest@2796aeae]" started-at="2022-11-07T14:20:49 IST" name="TC001" description="Verify user able to login successfully with valid credential" finished-at="2022-11-07T14:22:54 IST" duration-ms="124800" status="PASS">
          <reporter-output>
            <line>
              <![CDATA[<div class="test-message">&emsp;D:\KnilaTest\sampleTestAutomation</div>]]>
            </line>
            <line>
              <![CDATA[&emsp;<div class="test-title"> <strong><font size = "3" color = "#000080">Verify user able to login successfully with valid credential</font> </strong> </div>&emsp;<div><strong>Steps:</strong></div><!-- Report -->&emsp;]]>
            </line>
            <line>
              <![CDATA[<div class="test-message">&emsp;Admin entered in UserName textbox successfully</div>]]>
            </line>
            <line>
              <![CDATA[<div class="test-message">&emsp;Admin123 entered in Password textbox successfully</div>]]>
            </line>
            <line>
              <![CDATA[<div class="test-message">&emsp;Laboratory is clicked successfully</div>]]>
            </line>
            <line>
              <![CDATA[<div class="test-message">&emsp;Login button is clicked successfully</div>]]>
            </line>
            <line>
              <![CDATA[<div class="test-message">&emsp;Logged in user information retrieved successfully from element</div>]]>
            </line>
            <line>
              <![CDATA[<div class="test-message">&emsp;User Info : Logged in as Super User (admin) at Laboratory.</div>]]>
            </line>
            <line>
              <![CDATA[<div class="test-message">&emsp;User logged in successfully&emsp;<a href=".\ScreenShot\TC001_1.png" target="_blank" >[ScreenShot]</a></div>]]>
            </line>
            <line>
              <![CDATA[<div class="test-event"> <font color="maroon"> <small> &emsp; &emsp;--- 07 Nov 14:21:17 978 - Find Patient Record</small> </font> </div>]]>
            </line>
            <line>
              <![CDATA[<div class="test-event"> <font color="maroon"> <small> &emsp; &emsp;--- 07 Nov 14:21:18 041 - Active Visits</small> </font> </div>]]>
            </line>
            <line>
              <![CDATA[<div class="test-event"> <font color="maroon"> <small> &emsp; &emsp;--- 07 Nov 14:21:18 104 - Capture Vitals</small> </font> </div>]]>
            </line>
            <line>
              <![CDATA[<div class="test-event"> <font color="maroon"> <small> &emsp; &emsp;--- 07 Nov 14:21:18 182 - Register a patient</small> </font> </div>]]>
            </line>
            <line>
              <![CDATA[<div class="test-message">&emsp;content type : Register a patient is displayed in Laboratory home page</div>]]>
            </line>
            <line>
              <![CDATA[<div class="test-message">&emsp;Register a patient is clicked successfully</div>]]>
            </line>
            <line>
              <![CDATA[<div class="test-message">&emsp;Successfully clicked on content type : Register a patient&emsp;<a href=".\ScreenShot\TC001_2.png" target="_blank" >[ScreenShot]</a></div>]]>
            </line>
            <line>
              <![CDATA[<div class="test-message">&emsp;Content information retrieved successfully from element</div>]]>
            </line>
            <line>
              <![CDATA[<div class="test-message">&emsp;Content Info : Register a patient</div>]]>
            </line>
            <line>
              <![CDATA[<div class="test-message">&emsp;User successfully navigated to Register Patient Page&emsp;<a href=".\ScreenShot\TC001_3.png" target="_blank" >[ScreenShot]</a></div>]]>
            </line>
            <line>
              <![CDATA[<div class="test-message">&emsp;Successfully selected demographic type : Name&emsp;<a href=".\ScreenShot\TC001_4.png" target="_blank" >[ScreenShot]</a></div>]]>
            </line>
            <line>
              <![CDATA[<div class="test-message">&emsp;Test entered in Given (required) textbox successfully</div>]]>
            </line>
            <line>
              <![CDATA[<div class="test-message">&emsp;Patient1 entered in Middle textbox successfully</div>]]>
            </line>
            <line>
              <![CDATA[<div class="test-message">&emsp;Calab entered in Family Name (required) textbox successfully</div>]]>
            </line>
            <line>
              <![CDATA[<div class="test-message">&emsp;Gender is clicked successfully</div>]]>
            </line>
            <line>
              <![CDATA[<div class="test-message">&emsp;Successfully selected demographic type : Gender&emsp;<a href=".\ScreenShot\TC001_5.png" target="_blank" >[ScreenShot]</a></div>]]>
            </line>
            <line>
              <![CDATA[<div class="test-message">&emsp;Text to select:Male</div>]]>
            </line>
            <line>
              <![CDATA[<div class="test-message">&emsp;get available options from dropdown is success[[ChromeDriver: chrome on WINDOWS (0d99aa1e871ddfe84060dda89373bd43)] -> id: gender-field]</div>]]>
            </line>
            <line>
              <![CDATA[<div class="test-message">&emsp;text is:Male</div>]]>
            </line>
            <line>
              <![CDATA[<div class="test-message">&emsp;in if</div>]]>
            </line>
            <line>
              <![CDATA[<div class="test-message">&emsp;Maleselected from dropdown [[ChromeDriver: chrome on WINDOWS (0d99aa1e871ddfe84060dda89373bd43)] -> id: gender-field]</div>]]>
            </line>
            <line>
              <![CDATA[<div class="test-message">&emsp;Birthdate is clicked successfully</div>]]>
            </line>
            <line>
              <![CDATA[<div class="test-message">&emsp;Successfully selected demographic type : Birthdate&emsp;<a href=".\ScreenShot\TC001_6.png" target="_blank" >[ScreenShot]</a></div>]]>
            </line>
            <line>
              <![CDATA[<div class="test-message">&emsp;10 entered in Day (required) textbox successfully</div>]]>
            </line>
            <line>
              <![CDATA[<div class="test-message">&emsp;Text to select:February</div>]]>
            </line>
            <line>
              <![CDATA[<div class="test-message">&emsp;get available options from dropdown is success[[ChromeDriver: chrome on WINDOWS (0d99aa1e871ddfe84060dda89373bd43)] -> id: birthdateMonth-field]</div>]]>
            </line>
            <line>
              <![CDATA[<div class="test-message">&emsp;text is:Select</div>]]>
            </line>
            <line>
              <![CDATA[<div class="test-message">&emsp;in else</div>]]>
            </line>
            <line>
              <![CDATA[<div class="test-message">&emsp;text is:January</div>]]>
            </line>
            <line>
              <![CDATA[<div class="test-message">&emsp;in else</div>]]>
            </line>
            <line>
              <![CDATA[<div class="test-message">&emsp;text is:February</div>]]>
            </line>
            <line>
              <![CDATA[<div class="test-message">&emsp;in if</div>]]>
            </line>
            <line>
              <![CDATA[<div class="test-message">&emsp;Februaryselected from dropdown [[ChromeDriver: chrome on WINDOWS (0d99aa1e871ddfe84060dda89373bd43)] -> id: birthdateMonth-field]</div>]]>
            </line>
            <line>
              <![CDATA[<div class="test-message">&emsp;2000 entered in Year (required) textbox successfully</div>]]>
            </line>
            <line>
              <![CDATA[<div class="test-message">&emsp;Address is clicked successfully</div>]]>
            </line>
            <line>
              <![CDATA[<div class="test-message">&emsp;Successfully selected demographic type : Address&emsp;<a href=".\ScreenShot\TC001_7.png" target="_blank" >[ScreenShot]</a></div>]]>
            </line>
            <line>
              <![CDATA[<div class="test-message">&emsp;Test entered in Address 1 textbox successfully</div>]]>
            </line>
            <line>
              <![CDATA[<div class="test-message">&emsp;Main Street entered in Address 2 textbox successfully</div>]]>
            </line>
            <line>
              <![CDATA[<div class="test-message">&emsp;Newyork entered in City/Village textbox successfully</div>]]>
            </line>
            <line>
              <![CDATA[<div class="test-message">&emsp;NY entered in State/Province textbox successfully</div>]]>
            </line>
            <line>
              <![CDATA[<div class="test-message">&emsp;USA entered in Country textbox successfully</div>]]>
            </line>
            <line>
              <![CDATA[<div class="test-message">&emsp;10022 entered in Postal Code textbox successfully</div>]]>
            </line>
            <line>
              <![CDATA[<div class="test-message">&emsp;Phone Number is clicked successfully</div>]]>
            </line>
            <line>
              <![CDATA[<div class="test-message">&emsp;Successfully selected demographic type : Phone Number&emsp;<a href=".\ScreenShot\TC001_8.png" target="_blank" >[ScreenShot]</a></div>]]>
            </line>
            <line>
              <![CDATA[<div class="test-message">&emsp;8877665544 entered in Phone Number textbox successfully</div>]]>
            </line>
            <line>
              <![CDATA[<div class="test-message">&emsp;Relatives is clicked successfully</div>]]>
            </line>
            <line>
              <![CDATA[<div class="test-message">&emsp;Successfully selected demographic type : Relatives&emsp;<a href=".\ScreenShot\TC001_9.png" target="_blank" >[ScreenShot]</a></div>]]>
            </line>
            <line>
              <![CDATA[<div class="test-message">&emsp;Text to select:Doctor</div>]]>
            </line>
            <line>
              <![CDATA[<div class="test-message">&emsp;get available options from dropdown is success[[ChromeDriver: chrome on WINDOWS (0d99aa1e871ddfe84060dda89373bd43)] -> id: relationship_type]</div>]]>
            </line>
            <line>
              <![CDATA[<div class="test-message">&emsp;text is:Select Relationship Type</div>]]>
            </line>
            <line>
              <![CDATA[<div class="test-message">&emsp;in else</div>]]>
            </line>
            <line>
              <![CDATA[<div class="test-message">&emsp;text is:Doctor</div>]]>
            </line>
            <line>
              <![CDATA[<div class="test-message">&emsp;in if</div>]]>
            </line>
            <line>
              <![CDATA[<div class="test-message">&emsp;Doctorselected from dropdown [[ChromeDriver: chrome on WINDOWS (0d99aa1e871ddfe84060dda89373bd43)] -> id: relationship_type]</div>]]>
            </line>
            <line>
              <![CDATA[<div class="test-message">&emsp;Cooper entered in Relation Name textbox successfully</div>]]>
            </line>
            <line>
              <![CDATA[<div class="test-message">&emsp;Confirm Label is clicked successfully</div>]]>
            </line>
            <line>
              <![CDATA[<div class="test-message">&emsp;Patients Demogarphics Name: values are displayed as expected</div>]]>
            </line>
            <line>
              <![CDATA[<div class="test-message">&emsp;Patients Demogarphics Gender: values are displayed as expected</div>]]>
            </line>
            <line>
              <![CDATA[<div class="test-message">&emsp;Patients Demogarphics Birthdate: values are displayed as expected</div>]]>
            </line>
            <line>
              <![CDATA[<div class="test-message">&emsp;Patients Demogarphics Address: values are displayed as expected</div>]]>
            </line>
            <line>
              <![CDATA[<div class="test-message">&emsp;Patients Demogarphics Phone Number: values are displayed as expected</div>]]>
            </line>
            <line>
              <![CDATA[<div class="test-message">&emsp;Patients Demogarphics Relatives: values are displayed as expected</div>]]>
            </line>
            <line>
              <![CDATA[<div class="test-message">&emsp;Confirm Button is clicked successfully</div>]]>
            </line>
            <line>
              <![CDATA[<div class="test-message">&emsp;toasterMsgDisplayedAs : Created Patient Record: Test Patient1 Calab</div>]]>
            </line>
            <line>
              <![CDATA[<div class="test-message">&emsp;User successfully added Patient Details&emsp;<a href=".\ScreenShot\TC001_10.png" target="_blank" >[ScreenShot]</a></div>]]>
            </line>
            <line>
              <![CDATA[<div class="test-message">&emsp;Title In BreadCrumbs retrieved successfully from element</div>]]>
            </line>
            <line>
              <![CDATA[<div class="test-message">&emsp;title in breadcrumbs : Test Patient1 Calab</div>]]>
            </line>
            <line>
              <![CDATA[<div class="test-message">&emsp;User successfully navigated to Patient Details Page&emsp;<a href=".\ScreenShot\TC001_11.png" target="_blank" >[ScreenShot]</a></div>]]>
            </line>
            <line>
              <![CDATA[<div class="test-message">&emsp;Start Visit is clicked successfully</div>]]>
            </line>
            <line>
              <![CDATA[<div class="test-message">&emsp;Confirm Visit is clicked successfully</div>]]>
            </line>
            <line>
              <![CDATA[<div class="test-message">&emsp;Title In BreadCrumbs retrieved successfully from element</div>]]>
            </line>
            <line>
              <![CDATA[<div class="test-message">&emsp;title in breadcrumbs : Visits</div>]]>
            </line>
            <line>
              <![CDATA[<div class="test-message">&emsp;User successfully navigated to Patient Details visit Page&emsp;<a href=".\ScreenShot\TC001_12.png" target="_blank" >[ScreenShot]</a></div>]]>
            </line>
            <line>
              <![CDATA[<div class="test-message">&emsp;Start Visit is clicked successfully</div>]]>
            </line>
            <line>
              <![CDATA[<div class="test-message">&emsp;Title In BreadCrumbs retrieved successfully from element</div>]]>
            </line>
            <line>
              <![CDATA[<div class="test-message">&emsp;title in breadcrumbs : Attachments</div>]]>
            </line>
            <line>
              <![CDATA[<div class="test-message">&emsp;User successfully navigated to Attachments Page&emsp;<a href=".\ScreenShot\TC001_13.png" target="_blank" >[ScreenShot]</a></div>]]>
            </line>
            <line>
              <![CDATA[<div class="test-message">&emsp;Drag & Drop attachment file is clicked successfully</div>]]>
            </line>
            <line>
              <![CDATA[<div class="test-message">&emsp;Patient1 Test Attachments entered in Attachment Caption textbox successfully</div>]]>
            </line>
            <line>
              <![CDATA[<div class="test-message">&emsp;Drag & Drop attachment file is clicked successfully</div>]]>
            </line>
            <line>
              <![CDATA[<div class="test-message">&emsp;Patient details link in breadcrumbs is clicked successfully</div>]]>
            </line>
            <line>
              <![CDATA[<div class="test-message">&emsp;Title In BreadCrumbs retrieved successfully from element</div>]]>
            </line>
            <line>
              <![CDATA[<div class="test-message">&emsp;title in breadcrumbs : Test Patient1 Calab</div>]]>
            </line>
            <line>
              <![CDATA[<div class="test-message">&emsp;User successfully redirected to Patient Details Page&emsp;<a href=".\ScreenShot\TC001_14.png" target="_blank" >[ScreenShot]</a></div>]]>
            </line>
            <line>
              <![CDATA[<div class="test-message">&emsp;caption of attachment retrieved successfully from element</div>]]>
            </line>
            <line>
              <![CDATA[<div class="test-message">&emsp;attachment title text : Patient1 Test Attachments</div>]]>
            </line>
            <line>
              <![CDATA[<div class="test-message">&emsp;Attachment successfully added in Patient Details Page&emsp;<a href=".\ScreenShot\TC001_15.png" target="_blank" >[ScreenShot]</a></div>]]>
            </line>
            <line>
              <![CDATA[<div class="test-event"> <font color="maroon"> <small> &emsp; &emsp;--- 07 Nov 14:22:34 259 - 07.Nov.2022</small> </font> </div>]]>
            </line>
            <line>
              <![CDATA[<div class="test-message">&emsp;Recent Visits details successfully verified in Patient Details Page&emsp;<a href=".\ScreenShot\TC001_16.png" target="_blank" >[ScreenShot]</a></div>]]>
            </line>
            <line>
              <![CDATA[<div class="test-message">&emsp;End Visit is clicked successfully</div>]]>
            </line>
            <line>
              <![CDATA[<div class="test-message">&emsp;Yes End Visit is clicked successfully</div>]]>
            </line>
            <line>
              <![CDATA[<div class="test-message">&emsp;Delete Patient is clicked successfully</div>]]>
            </line>
            <line>
              <![CDATA[<div class="test-message">&emsp;TestCompleted entered in Reason Delete textbox successfully</div>]]>
            </line>
            <line>
              <![CDATA[<div class="test-message">&emsp;Added reason for delete Patient Record&emsp;<a href=".\ScreenShot\TC001_17.png" target="_blank" >[ScreenShot]</a></div>]]>
            </line>
            <line>
              <![CDATA[<div class="test-message">&emsp;Confirm Delete Patient is clicked successfully</div>]]>
            </line>
            <line>
              <![CDATA[<div class="test-message">&emsp;toasterMsgDisplayedAs : Patient has been deleted successfully</div>]]>
            </line>
            <line>
              <![CDATA[<div class="test-message">&emsp;User successfully deleted the Patient Details&emsp;<a href=".\ScreenShot\TC001_18.png" target="_blank" >[ScreenShot]</a></div>]]>
            </line>
            <line>
              <![CDATA[<div class="test-message">&emsp;Title In BreadCrumbs retrieved successfully from element</div>]]>
            </line>
            <line>
              <![CDATA[<div class="test-message">&emsp;title in breadcrumbs : Find Patient Record</div>]]>
            </line>
            <line>
              <![CDATA[<div class="test-message">&emsp;User successfully redirected to Find Patient Record Page&emsp;<a href=".\ScreenShot\TC001_19.png" target="_blank" >[ScreenShot]</a></div>]]>
            </line>
            <line>
              <![CDATA[<div class="test-message">&emsp;Test Patient1 Calab entered in Patient Search Box textbox successfully</div>]]>
            </line>
            <line>
              <![CDATA[<div class="test-event"> <font color="maroon"> <small> &emsp; &emsp;--- 07 Nov 14:22:52 949 - No matching records found</small> </font> </div>]]>
            </line>
            <line>
              <![CDATA[<div class="test-message">&emsp;Successfully verified that deleted patient record Not listed&emsp;<a href=".\ScreenShot\TC001_20.png" target="_blank" >[ScreenShot]</a></div>]]>
            </line>
            <line>
              <![CDATA[<div class="test-result"><br><font color="green"><strong> Test Passed. </strong></font> </div>&emsp;]]>
            </line>
          </reporter-output>
        </test-method> <!-- TC001 -->
      </class> <!-- com.knila.uitest.Knila_AddPatientDetailsTest -->
    </test> <!-- Default test -->
  </suite> <!-- Default suite -->
</testng-results>
